Flow report for experiment2
Fri Mar  8 12:51:45 2019
Quartus II 32-bit Version 12.0 Build 263 08/02/2012 Service Pack 2 SJ Full Version


---------------------
; Table of Contents ;
---------------------
  1. Legal Notice
  2. Flow Summary
  3. Flow Settings
  4. Flow Non-Default Global Settings
  5. Flow Elapsed Time
  6. Flow OS Summary
  7. Flow Log



----------------
; Legal Notice ;
----------------
Copyright (C) 1991-2012 Altera Corporation
Your use of Altera Corporation's design tools, logic functions 
and other software and tools, and its AMPP partner logic 
functions, and any output files from any of the foregoing 
(including device programming or simulation files), and any 
associated documentation or information are expressly subject 
to the terms and conditions of the Altera Program License 
Subscription Agreement, Altera MegaCore Function License 
Agreement, or other applicable license agreement, including, 
without limitation, that your use is for the sole purpose of 
programming logic devices manufactured by Altera and sold by 
Altera or its authorized distributors.  Please refer to the 
applicable agreement for further details.



+-------------------------------------------------------------------------------------+
; Flow Summary                                                                        ;
+------------------------------------+------------------------------------------------+
; Flow Status                        ; Successful - Fri Mar  8 12:51:45 2019          ;
; Quartus II 32-bit Version          ; 12.0 Build 263 08/02/2012 SP 2 SJ Full Version ;
; Revision Name                      ; experiment2                                    ;
; Top-level Entity Name              ; experiment2                                    ;
; Family                             ; Cyclone II                                     ;
; Device                             ; EP2C35F672C6                                   ;
; Timing Models                      ; Final                                          ;
; Total logic elements               ; 2,087 / 33,216 ( 6 % )                         ;
;     Total combinational functions  ; 1,914 / 33,216 ( 6 % )                         ;
;     Dedicated logic registers      ; 1,233 / 33,216 ( 4 % )                         ;
; Total registers                    ; 1233                                           ;
; Total pins                         ; 89 / 475 ( 19 % )                              ;
; Total virtual pins                 ; 0                                              ;
; Total memory bits                  ; 19,456 / 483,840 ( 4 % )                       ;
; Embedded Multiplier 9-bit elements ; 0 / 70 ( 0 % )                                 ;
; Total PLLs                         ; 0 / 4 ( 0 % )                                  ;
+------------------------------------+------------------------------------------------+


+-----------------------------------------+
; Flow Settings                           ;
+-------------------+---------------------+
; Option            ; Setting             ;
+-------------------+---------------------+
; Start date & time ; 03/08/2019 12:51:01 ;
; Main task         ; Compilation         ;
; Revision Name     ; experiment2         ;
+-------------------+---------------------+


+------------------------------------------------------------------------------------------------------------------------------------------------------------------------+
; Flow Non-Default Global Settings                                                                                                                                       ;
+-------------------------------------+---------------------------------------------------------------+---------------+---------------------------------+----------------+
; Assignment Name                     ; Value                                                         ; Default Value ; Entity Name                     ; Section Id     ;
+-------------------------------------+---------------------------------------------------------------+---------------+---------------------------------+----------------+
; COMPILER_SIGNATURE_ID               ; 207458828179070.155206746009231                               ; --            ; --                              ; --             ;
; EDA_OUTPUT_DATA_FORMAT              ; Verilog Hdl                                                   ; --            ; --                              ; eda_simulation ;
; EDA_SIMULATION_TOOL                 ; ModelSim-Altera (Verilog)                                     ; <None>        ; --                              ; --             ;
; ENABLE_SIGNALTAP                    ; On                                                            ; --            ; --                              ; --             ;
; IP_TOOL_ENV                         ; qsys                                                          ; --            ; altera_avalon_sc_fifo           ; --             ;
; IP_TOOL_ENV                         ; qsys                                                          ; --            ; altera_merlin_burst_adapter     ; --             ;
; IP_TOOL_ENV                         ; qsys                                                          ; --            ; altera_merlin_master_agent      ; --             ;
; IP_TOOL_ENV                         ; qsys                                                          ; --            ; altera_merlin_master_translator ; --             ;
; IP_TOOL_ENV                         ; qsys                                                          ; --            ; altera_merlin_slave_agent       ; --             ;
; IP_TOOL_ENV                         ; qsys                                                          ; --            ; altera_merlin_slave_translator  ; --             ;
; IP_TOOL_ENV                         ; qsys                                                          ; --            ; altera_merlin_width_adapter     ; --             ;
; IP_TOOL_ENV                         ; qsys                                                          ; --            ; altera_reset_controller         ; --             ;
; IP_TOOL_ENV                         ; qsys                                                          ; --            ; --                              ; --             ;
; IP_TOOL_ENV                         ; qsys                                                          ; --            ; experiment2_LED_GREEN_O         ; --             ;
; IP_TOOL_ENV                         ; qsys                                                          ; --            ; experiment2_LED_RED_O           ; --             ;
; IP_TOOL_ENV                         ; qsys                                                          ; --            ; experiment2_PUSH_BUTTON_I       ; --             ;
; IP_TOOL_ENV                         ; qsys                                                          ; --            ; experiment2_SWITCH_I            ; --             ;
; IP_TOOL_ENV                         ; qsys                                                          ; --            ; experiment2_addr_router         ; --             ;
; IP_TOOL_ENV                         ; qsys                                                          ; --            ; experiment2_addr_router_001     ; --             ;
; IP_TOOL_ENV                         ; qsys                                                          ; --            ; experiment2_cmd_xbar_demux      ; --             ;
; IP_TOOL_ENV                         ; qsys                                                          ; --            ; experiment2_cmd_xbar_demux_001  ; --             ;
; IP_TOOL_ENV                         ; qsys                                                          ; --            ; experiment2_cmd_xbar_mux        ; --             ;
; IP_TOOL_ENV                         ; qsys                                                          ; --            ; experiment2_cpu_0               ; --             ;
; IP_TOOL_ENV                         ; qsys                                                          ; --            ; experiment2_id_router           ; --             ;
; IP_TOOL_ENV                         ; qsys                                                          ; --            ; experiment2_id_router_001       ; --             ;
; IP_TOOL_ENV                         ; qsys                                                          ; --            ; experiment2_id_router_002       ; --             ;
; IP_TOOL_ENV                         ; qsys                                                          ; --            ; experiment2_irq_mapper          ; --             ;
; IP_TOOL_ENV                         ; qsys                                                          ; --            ; experiment2_jtag_uart_0         ; --             ;
; IP_TOOL_ENV                         ; qsys                                                          ; --            ; experiment2_rsp_xbar_demux_002  ; --             ;
; IP_TOOL_ENV                         ; qsys                                                          ; --            ; experiment2_rsp_xbar_mux        ; --             ;
; IP_TOOL_ENV                         ; qsys                                                          ; --            ; experiment2_rsp_xbar_mux_001    ; --             ;
; IP_TOOL_NAME                        ; altera_avalon_sc_fifo                                         ; --            ; altera_avalon_sc_fifo           ; --             ;
; IP_TOOL_NAME                        ; altera_merlin_burst_adapter                                   ; --            ; altera_merlin_burst_adapter     ; --             ;
; IP_TOOL_NAME                        ; altera_merlin_master_agent                                    ; --            ; altera_merlin_master_agent      ; --             ;
; IP_TOOL_NAME                        ; altera_merlin_master_translator                               ; --            ; altera_merlin_master_translator ; --             ;
; IP_TOOL_NAME                        ; altera_merlin_slave_agent                                     ; --            ; altera_merlin_slave_agent       ; --             ;
; IP_TOOL_NAME                        ; altera_merlin_slave_translator                                ; --            ; altera_merlin_slave_translator  ; --             ;
; IP_TOOL_NAME                        ; altera_merlin_width_adapter                                   ; --            ; altera_merlin_width_adapter     ; --             ;
; IP_TOOL_NAME                        ; altera_reset_controller                                       ; --            ; altera_reset_controller         ; --             ;
; IP_TOOL_NAME                        ; qsys                                                          ; --            ; --                              ; --             ;
; IP_TOOL_NAME                        ; altera_avalon_pio                                             ; --            ; experiment2_LED_GREEN_O         ; --             ;
; IP_TOOL_NAME                        ; altera_avalon_pio                                             ; --            ; experiment2_LED_RED_O           ; --             ;
; IP_TOOL_NAME                        ; altera_avalon_pio                                             ; --            ; experiment2_PUSH_BUTTON_I       ; --             ;
; IP_TOOL_NAME                        ; altera_avalon_pio                                             ; --            ; experiment2_SWITCH_I            ; --             ;
; IP_TOOL_NAME                        ; altera_merlin_router                                          ; --            ; experiment2_addr_router         ; --             ;
; IP_TOOL_NAME                        ; altera_merlin_router                                          ; --            ; experiment2_addr_router_001     ; --             ;
; IP_TOOL_NAME                        ; altera_merlin_demultiplexer                                   ; --            ; experiment2_cmd_xbar_demux      ; --             ;
; IP_TOOL_NAME                        ; altera_merlin_demultiplexer                                   ; --            ; experiment2_cmd_xbar_demux_001  ; --             ;
; IP_TOOL_NAME                        ; altera_merlin_multiplexer                                     ; --            ; experiment2_cmd_xbar_mux        ; --             ;
; IP_TOOL_NAME                        ; altera_nios2_qsys                                             ; --            ; experiment2_cpu_0               ; --             ;
; IP_TOOL_NAME                        ; altera_merlin_router                                          ; --            ; experiment2_id_router           ; --             ;
; IP_TOOL_NAME                        ; altera_merlin_router                                          ; --            ; experiment2_id_router_001       ; --             ;
; IP_TOOL_NAME                        ; altera_merlin_router                                          ; --            ; experiment2_id_router_002       ; --             ;
; IP_TOOL_NAME                        ; altera_irq_mapper                                             ; --            ; experiment2_irq_mapper          ; --             ;
; IP_TOOL_NAME                        ; altera_avalon_jtag_uart                                       ; --            ; experiment2_jtag_uart_0         ; --             ;
; IP_TOOL_NAME                        ; altera_merlin_demultiplexer                                   ; --            ; experiment2_rsp_xbar_demux_002  ; --             ;
; IP_TOOL_NAME                        ; altera_merlin_multiplexer                                     ; --            ; experiment2_rsp_xbar_mux        ; --             ;
; IP_TOOL_NAME                        ; altera_merlin_multiplexer                                     ; --            ; experiment2_rsp_xbar_mux_001    ; --             ;
; IP_TOOL_VERSION                     ; 12.0                                                          ; --            ; altera_avalon_sc_fifo           ; --             ;
; IP_TOOL_VERSION                     ; 12.0                                                          ; --            ; altera_merlin_burst_adapter     ; --             ;
; IP_TOOL_VERSION                     ; 12.0                                                          ; --            ; altera_merlin_master_agent      ; --             ;
; IP_TOOL_VERSION                     ; 12.0                                                          ; --            ; altera_merlin_master_translator ; --             ;
; IP_TOOL_VERSION                     ; 12.0                                                          ; --            ; altera_merlin_slave_agent       ; --             ;
; IP_TOOL_VERSION                     ; 12.0                                                          ; --            ; altera_merlin_slave_translator  ; --             ;
; IP_TOOL_VERSION                     ; 12.0                                                          ; --            ; altera_merlin_width_adapter     ; --             ;
; IP_TOOL_VERSION                     ; 12.0                                                          ; --            ; altera_reset_controller         ; --             ;
; IP_TOOL_VERSION                     ; 12.0sp2                                                       ; --            ; --                              ; --             ;
; IP_TOOL_VERSION                     ; 12.0                                                          ; --            ; experiment2_LED_GREEN_O         ; --             ;
; IP_TOOL_VERSION                     ; 12.0                                                          ; --            ; experiment2_LED_RED_O           ; --             ;
; IP_TOOL_VERSION                     ; 12.0                                                          ; --            ; experiment2_PUSH_BUTTON_I       ; --             ;
; IP_TOOL_VERSION                     ; 12.0                                                          ; --            ; experiment2_SWITCH_I            ; --             ;
; IP_TOOL_VERSION                     ; 12.0                                                          ; --            ; experiment2_addr_router         ; --             ;
; IP_TOOL_VERSION                     ; 12.0                                                          ; --            ; experiment2_addr_router_001     ; --             ;
; IP_TOOL_VERSION                     ; 12.0                                                          ; --            ; experiment2_cmd_xbar_demux      ; --             ;
; IP_TOOL_VERSION                     ; 12.0                                                          ; --            ; experiment2_cmd_xbar_demux_001  ; --             ;
; IP_TOOL_VERSION                     ; 12.0                                                          ; --            ; experiment2_cmd_xbar_mux        ; --             ;
; IP_TOOL_VERSION                     ; 12.0                                                          ; --            ; experiment2_cpu_0               ; --             ;
; IP_TOOL_VERSION                     ; 12.0                                                          ; --            ; experiment2_id_router           ; --             ;
; IP_TOOL_VERSION                     ; 12.0                                                          ; --            ; experiment2_id_router_001       ; --             ;
; IP_TOOL_VERSION                     ; 12.0                                                          ; --            ; experiment2_id_router_002       ; --             ;
; IP_TOOL_VERSION                     ; 12.0                                                          ; --            ; experiment2_irq_mapper          ; --             ;
; IP_TOOL_VERSION                     ; 12.0                                                          ; --            ; experiment2_jtag_uart_0         ; --             ;
; IP_TOOL_VERSION                     ; 12.0                                                          ; --            ; experiment2_rsp_xbar_demux_002  ; --             ;
; IP_TOOL_VERSION                     ; 12.0                                                          ; --            ; experiment2_rsp_xbar_mux        ; --             ;
; IP_TOOL_VERSION                     ; 12.0                                                          ; --            ; experiment2_rsp_xbar_mux_001    ; --             ;
; MAX_CORE_JUNCTION_TEMP              ; 85                                                            ; --            ; --                              ; --             ;
; MIN_CORE_JUNCTION_TEMP              ; 0                                                             ; --            ; --                              ; --             ;
; MISC_FILE                           ; experiment2/synthesis/../../experiment2.sopcinfo              ; --            ; --                              ; --             ;
; MISC_FILE                           ; experiment2/synthesis/../../experiment2.qsys                  ; --            ; --                              ; --             ;
; PARTITION_COLOR                     ; 16764057                                                      ; --            ; --                              ; Top            ;
; PARTITION_FITTER_PRESERVATION_LEVEL ; PLACEMENT_AND_ROUTING                                         ; --            ; --                              ; Top            ;
; PARTITION_NETLIST_TYPE              ; SOURCE                                                        ; --            ; --                              ; Top            ;
; SLD_INFO                            ; QSYS_NAME experiment2 HAS_SOPCINFO 1 GENERATION_ID 1551597369 ; --            ; --                              ; --             ;
; SYNTHESIS_ONLY_QIP                  ; On                                                            ; --            ; --                              ; --             ;
; USE_SIGNALTAP_FILE                  ; experiment2.stp                                               ; --            ; --                              ; --             ;
+-------------------------------------+---------------------------------------------------------------+---------------+---------------------------------+----------------+


+-------------------------------------------------------------------------------------------------------------------------------+
; Flow Elapsed Time                                                                                                             ;
+---------------------------+--------------+-------------------------+---------------------+------------------------------------+
; Module Name               ; Elapsed Time ; Average Processors Used ; Peak Virtual Memory ; Total CPU Time (on all processors) ;
+---------------------------+--------------+-------------------------+---------------------+------------------------------------+
; Analysis & Synthesis      ; 00:00:14     ; 1.0                     ; --                  ; 00:00:14                           ;
; Fitter                    ; 00:00:17     ; 2.1                     ; --                  ; 00:00:22                           ;
; TimeQuest Timing Analyzer ; 00:00:01     ; 1.0                     ; --                  ; 00:00:02                           ;
; Assembler                 ; 00:00:03     ; 1.0                     ; --                  ; 00:00:03                           ;
; EDA Netlist Writer        ; 00:00:03     ; 1.0                     ; --                  ; 00:00:02                           ;
; Total                     ; 00:00:38     ; --                      ; --                  ; 00:00:43                           ;
+---------------------------+--------------+-------------------------+---------------------+------------------------------------+


+--------------------------------------------------------------------------------------+
; Flow OS Summary                                                                      ;
+---------------------------+------------------+---------+------------+----------------+
; Module Name               ; Machine Hostname ; OS Name ; OS Version ; Processor type ;
+---------------------------+------------------+---------+------------+----------------+
; Analysis & Synthesis      ; rh-itb-AB109-03  ; Red Hat ; 5          ; x86_64         ;
; Fitter                    ; rh-itb-AB109-03  ; Red Hat ; 5          ; x86_64         ;
; TimeQuest Timing Analyzer ; rh-itb-AB109-03  ; Red Hat ; 5          ; x86_64         ;
; Assembler                 ; rh-itb-AB109-03  ; Red Hat ; 5          ; x86_64         ;
; EDA Netlist Writer        ; rh-itb-AB109-03  ; Red Hat ; 5          ; x86_64         ;
+---------------------------+------------------+---------+------------+----------------+


------------
; Flow Log ;
------------
quartus_map --read_settings_files=on --write_settings_files=off experiment2 -c experiment2
quartus_fit --read_settings_files=off --write_settings_files=off experiment2 -c experiment2
quartus_sta experiment2 -c experiment2
quartus_asm --read_settings_files=off --write_settings_files=off experiment2 -c experiment2
quartus_eda --read_settings_files=off --write_settings_files=off experiment2 -c experiment2



