Flow report for experiment3
Sat Mar  2 03:36:22 2019
Quartus II 32-bit Version 12.0 Build 178 05/31/2012 SJ Full Version


---------------------
; Table of Contents ;
---------------------
  1. Legal Notice
  2. Flow Summary
  3. Flow Settings
  4. Flow Non-Default Global Settings
  5. Flow Elapsed Time
  6. Flow OS Summary
  7. Flow Log



----------------
; Legal Notice ;
----------------
Copyright (C) 1991-2012 Altera Corporation
Your use of Altera Corporation's design tools, logic functions 
and other software and tools, and its AMPP partner logic 
functions, and any output files from any of the foregoing 
(including device programming or simulation files), and any 
associated documentation or information are expressly subject 
to the terms and conditions of the Altera Program License 
Subscription Agreement, Altera MegaCore Function License 
Agreement, or other applicable license agreement, including, 
without limitation, that your use is for the sole purpose of 
programming logic devices manufactured by Altera and sold by 
Altera or its authorized distributors.  Please refer to the 
applicable agreement for further details.



+--------------------------------------------------------------------------------+
; Flow Summary                                                                   ;
+------------------------------------+-------------------------------------------+
; Flow Status                        ; Successful - Sat Mar  2 03:36:22 2019     ;
; Quartus II 32-bit Version          ; 12.0 Build 178 05/31/2012 SJ Full Version ;
; Revision Name                      ; experiment3                               ;
; Top-level Entity Name              ; experiment3                               ;
; Family                             ; Cyclone II                                ;
; Device                             ; EP2C35F672C6                              ;
; Timing Models                      ; Final                                     ;
; Total logic elements               ; 6,200                                     ;
;     Total combinational functions  ; 4,949                                     ;
;     Dedicated logic registers      ; 3,619                                     ;
; Total registers                    ; 3619                                      ;
; Total pins                         ; 203                                       ;
; Total virtual pins                 ; 0                                         ;
; Total memory bits                  ; 165,848                                   ;
; Embedded Multiplier 9-bit elements ; 0                                         ;
; Total PLLs                         ; 1                                         ;
+------------------------------------+-------------------------------------------+


+-----------------------------------------+
; Flow Settings                           ;
+-------------------+---------------------+
; Option            ; Setting             ;
+-------------------+---------------------+
; Start date & time ; 03/02/2019 03:35:48 ;
; Main task         ; Compilation         ;
; Revision Name     ; experiment3         ;
+-------------------+---------------------+


+------------------------------------------------------------------------------------------------------------------------------------------------------------------------------+
; Flow Non-Default Global Settings                                                                                                                                             ;
+-------------------------------------+---------------------------------------------------------------------+---------------+---------------------------------+----------------+
; Assignment Name                     ; Value                                                               ; Default Value ; Entity Name                     ; Section Id     ;
+-------------------------------------+---------------------------------------------------------------------+---------------+---------------------------------+----------------+
; COMPILER_SIGNATURE_ID               ; 207458822808186.155151574707676                                     ; --            ; --                              ; --             ;
; EDA_OUTPUT_DATA_FORMAT              ; Vhdl                                                                ; --            ; --                              ; eda_simulation ;
; EDA_SIMULATION_TOOL                 ; ModelSim-Altera (VHDL)                                              ; <None>        ; --                              ; --             ;
; IP_TOOL_ENV                         ; qsys                                                                ; --            ; altera_avalon_sc_fifo           ; --             ;
; IP_TOOL_ENV                         ; qsys                                                                ; --            ; altera_merlin_burst_adapter     ; --             ;
; IP_TOOL_ENV                         ; qsys                                                                ; --            ; altera_merlin_master_agent      ; --             ;
; IP_TOOL_ENV                         ; qsys                                                                ; --            ; altera_merlin_master_translator ; --             ;
; IP_TOOL_ENV                         ; qsys                                                                ; --            ; altera_merlin_slave_agent       ; --             ;
; IP_TOOL_ENV                         ; qsys                                                                ; --            ; altera_merlin_slave_translator  ; --             ;
; IP_TOOL_ENV                         ; qsys                                                                ; --            ; altera_merlin_width_adapter     ; --             ;
; IP_TOOL_ENV                         ; qsys                                                                ; --            ; altera_reset_controller         ; --             ;
; IP_TOOL_ENV                         ; qsys                                                                ; --            ; --                              ; --             ;
; IP_TOOL_ENV                         ; qsys                                                                ; --            ; experiment3_LED_GREEN_O         ; --             ;
; IP_TOOL_ENV                         ; qsys                                                                ; --            ; experiment3_LED_RED_O           ; --             ;
; IP_TOOL_ENV                         ; qsys                                                                ; --            ; experiment3_PUSH_BUTTON_I       ; --             ;
; IP_TOOL_ENV                         ; qsys                                                                ; --            ; experiment3_SWITCH_I            ; --             ;
; IP_TOOL_ENV                         ; qsys                                                                ; --            ; experiment3_addr_router         ; --             ;
; IP_TOOL_ENV                         ; qsys                                                                ; --            ; experiment3_addr_router_001     ; --             ;
; IP_TOOL_ENV                         ; qsys                                                                ; --            ; experiment3_cmd_xbar_demux      ; --             ;
; IP_TOOL_ENV                         ; qsys                                                                ; --            ; experiment3_cmd_xbar_demux_001  ; --             ;
; IP_TOOL_ENV                         ; qsys                                                                ; --            ; experiment3_cmd_xbar_mux        ; --             ;
; IP_TOOL_ENV                         ; qsys                                                                ; --            ; experiment3_cpu_0               ; --             ;
; IP_TOOL_ENV                         ; qsys                                                                ; --            ; experiment3_id_router           ; --             ;
; IP_TOOL_ENV                         ; qsys                                                                ; --            ; experiment3_id_router_001       ; --             ;
; IP_TOOL_ENV                         ; qsys                                                                ; --            ; experiment3_id_router_002       ; --             ;
; IP_TOOL_ENV                         ; qsys                                                                ; --            ; experiment3_irq_mapper          ; --             ;
; IP_TOOL_ENV                         ; qsys                                                                ; --            ; experiment3_jtag_uart_0         ; --             ;
; IP_TOOL_ENV                         ; qsys                                                                ; --            ; experiment3_rsp_xbar_demux_002  ; --             ;
; IP_TOOL_ENV                         ; qsys                                                                ; --            ; experiment3_rsp_xbar_mux        ; --             ;
; IP_TOOL_ENV                         ; qsys                                                                ; --            ; experiment3_rsp_xbar_mux_001    ; --             ;
; IP_TOOL_NAME                        ; RAM: 2-PORT                                                         ; --            ; --                              ; --             ;
; IP_TOOL_NAME                        ; altera_avalon_sc_fifo                                               ; --            ; altera_avalon_sc_fifo           ; --             ;
; IP_TOOL_NAME                        ; altera_merlin_burst_adapter                                         ; --            ; altera_merlin_burst_adapter     ; --             ;
; IP_TOOL_NAME                        ; altera_merlin_master_agent                                          ; --            ; altera_merlin_master_agent      ; --             ;
; IP_TOOL_NAME                        ; altera_merlin_master_translator                                     ; --            ; altera_merlin_master_translator ; --             ;
; IP_TOOL_NAME                        ; altera_merlin_slave_agent                                           ; --            ; altera_merlin_slave_agent       ; --             ;
; IP_TOOL_NAME                        ; altera_merlin_slave_translator                                      ; --            ; altera_merlin_slave_translator  ; --             ;
; IP_TOOL_NAME                        ; altera_merlin_width_adapter                                         ; --            ; altera_merlin_width_adapter     ; --             ;
; IP_TOOL_NAME                        ; altera_reset_controller                                             ; --            ; altera_reset_controller         ; --             ;
; IP_TOOL_NAME                        ; qsys                                                                ; --            ; --                              ; --             ;
; IP_TOOL_NAME                        ; altera_avalon_pio                                                   ; --            ; experiment3_LED_GREEN_O         ; --             ;
; IP_TOOL_NAME                        ; altera_avalon_pio                                                   ; --            ; experiment3_LED_RED_O           ; --             ;
; IP_TOOL_NAME                        ; altera_avalon_pio                                                   ; --            ; experiment3_PUSH_BUTTON_I       ; --             ;
; IP_TOOL_NAME                        ; altera_avalon_pio                                                   ; --            ; experiment3_SWITCH_I            ; --             ;
; IP_TOOL_NAME                        ; altera_merlin_router                                                ; --            ; experiment3_addr_router         ; --             ;
; IP_TOOL_NAME                        ; altera_merlin_router                                                ; --            ; experiment3_addr_router_001     ; --             ;
; IP_TOOL_NAME                        ; altera_merlin_demultiplexer                                         ; --            ; experiment3_cmd_xbar_demux      ; --             ;
; IP_TOOL_NAME                        ; altera_merlin_demultiplexer                                         ; --            ; experiment3_cmd_xbar_demux_001  ; --             ;
; IP_TOOL_NAME                        ; altera_merlin_multiplexer                                           ; --            ; experiment3_cmd_xbar_mux        ; --             ;
; IP_TOOL_NAME                        ; altera_nios2_qsys                                                   ; --            ; experiment3_cpu_0               ; --             ;
; IP_TOOL_NAME                        ; altera_merlin_router                                                ; --            ; experiment3_id_router           ; --             ;
; IP_TOOL_NAME                        ; altera_merlin_router                                                ; --            ; experiment3_id_router_001       ; --             ;
; IP_TOOL_NAME                        ; altera_merlin_router                                                ; --            ; experiment3_id_router_002       ; --             ;
; IP_TOOL_NAME                        ; altera_irq_mapper                                                   ; --            ; experiment3_irq_mapper          ; --             ;
; IP_TOOL_NAME                        ; altera_avalon_jtag_uart                                             ; --            ; experiment3_jtag_uart_0         ; --             ;
; IP_TOOL_NAME                        ; altera_merlin_demultiplexer                                         ; --            ; experiment3_rsp_xbar_demux_002  ; --             ;
; IP_TOOL_NAME                        ; altera_merlin_multiplexer                                           ; --            ; experiment3_rsp_xbar_mux        ; --             ;
; IP_TOOL_NAME                        ; altera_merlin_multiplexer                                           ; --            ; experiment3_rsp_xbar_mux_001    ; --             ;
; IP_TOOL_VERSION                     ; 8.0                                                                 ; --            ; --                              ; --             ;
; IP_TOOL_VERSION                     ; 12.0                                                                ; --            ; altera_avalon_sc_fifo           ; --             ;
; IP_TOOL_VERSION                     ; 12.0                                                                ; --            ; altera_merlin_burst_adapter     ; --             ;
; IP_TOOL_VERSION                     ; 12.0                                                                ; --            ; altera_merlin_master_agent      ; --             ;
; IP_TOOL_VERSION                     ; 12.0                                                                ; --            ; altera_merlin_master_translator ; --             ;
; IP_TOOL_VERSION                     ; 12.0                                                                ; --            ; altera_merlin_slave_agent       ; --             ;
; IP_TOOL_VERSION                     ; 12.0                                                                ; --            ; altera_merlin_slave_translator  ; --             ;
; IP_TOOL_VERSION                     ; 12.0                                                                ; --            ; altera_merlin_width_adapter     ; --             ;
; IP_TOOL_VERSION                     ; 12.0                                                                ; --            ; altera_reset_controller         ; --             ;
; IP_TOOL_VERSION                     ; 12.0                                                                ; --            ; --                              ; --             ;
; IP_TOOL_VERSION                     ; 12.0                                                                ; --            ; experiment3_LED_GREEN_O         ; --             ;
; IP_TOOL_VERSION                     ; 12.0                                                                ; --            ; experiment3_LED_RED_O           ; --             ;
; IP_TOOL_VERSION                     ; 12.0                                                                ; --            ; experiment3_PUSH_BUTTON_I       ; --             ;
; IP_TOOL_VERSION                     ; 12.0                                                                ; --            ; experiment3_SWITCH_I            ; --             ;
; IP_TOOL_VERSION                     ; 12.0                                                                ; --            ; experiment3_addr_router         ; --             ;
; IP_TOOL_VERSION                     ; 12.0                                                                ; --            ; experiment3_addr_router_001     ; --             ;
; IP_TOOL_VERSION                     ; 12.0                                                                ; --            ; experiment3_cmd_xbar_demux      ; --             ;
; IP_TOOL_VERSION                     ; 12.0                                                                ; --            ; experiment3_cmd_xbar_demux_001  ; --             ;
; IP_TOOL_VERSION                     ; 12.0                                                                ; --            ; experiment3_cmd_xbar_mux        ; --             ;
; IP_TOOL_VERSION                     ; 12.0                                                                ; --            ; experiment3_cpu_0               ; --             ;
; IP_TOOL_VERSION                     ; 12.0                                                                ; --            ; experiment3_id_router           ; --             ;
; IP_TOOL_VERSION                     ; 12.0                                                                ; --            ; experiment3_id_router_001       ; --             ;
; IP_TOOL_VERSION                     ; 12.0                                                                ; --            ; experiment3_id_router_002       ; --             ;
; IP_TOOL_VERSION                     ; 12.0                                                                ; --            ; experiment3_irq_mapper          ; --             ;
; IP_TOOL_VERSION                     ; 12.0                                                                ; --            ; experiment3_jtag_uart_0         ; --             ;
; IP_TOOL_VERSION                     ; 12.0                                                                ; --            ; experiment3_rsp_xbar_demux_002  ; --             ;
; IP_TOOL_VERSION                     ; 12.0                                                                ; --            ; experiment3_rsp_xbar_mux        ; --             ;
; IP_TOOL_VERSION                     ; 12.0                                                                ; --            ; experiment3_rsp_xbar_mux_001    ; --             ;
; MAX_CORE_JUNCTION_TEMP              ; 85                                                                  ; --            ; --                              ; --             ;
; MIN_CORE_JUNCTION_TEMP              ; 0                                                                   ; --            ; --                              ; --             ;
; MISC_FILE                           ; experiment3/synthesis/../../experiment3.sopcinfo                    ; --            ; --                              ; --             ;
; MISC_FILE                           ; experiment3/synthesis/../../experiment3.qsys                        ; --            ; --                              ; --             ;
; MISC_FILE                           ; experiment3/synthesis/submodules/Altera_UP_SD_Card_Memory_Block.bsf ; --            ; --                              ; --             ;
; MISC_FILE                           ; experiment3/synthesis/submodules/Altera_UP_SD_Card_Memory_Block.cmp ; --            ; --                              ; --             ;
; PARTITION_COLOR                     ; 16764057                                                            ; --            ; --                              ; Top            ;
; PARTITION_FITTER_PRESERVATION_LEVEL ; PLACEMENT_AND_ROUTING                                               ; --            ; --                              ; Top            ;
; PARTITION_NETLIST_TYPE              ; SOURCE                                                              ; --            ; --                              ; Top            ;
; POWER_BOARD_THERMAL_MODEL           ; None (CONSERVATIVE)                                                 ; --            ; --                              ; --             ;
; POWER_PRESET_COOLING_SOLUTION       ; 23 MM HEAT SINK WITH 200 LFPM AIRFLOW                               ; --            ; --                              ; --             ;
; SLD_INFO                            ; QSYS_NAME experiment3 HAS_SOPCINFO 1 GENERATION_ID 1551499137       ; --            ; --                              ; --             ;
; SYNTHESIS_ONLY_QIP                  ; On                                                                  ; --            ; --                              ; --             ;
; VERILOG_INPUT_VERSION               ; SystemVerilog_2005                                                  ; Verilog_2001  ; --                              ; --             ;
; VERILOG_SHOW_LMF_MAPPING_MESSAGES   ; Off                                                                 ; --            ; --                              ; --             ;
+-------------------------------------+---------------------------------------------------------------------+---------------+---------------------------------+----------------+


+--------------------------------------------------------------------------------------------------------------------------+
; Flow Elapsed Time                                                                                                        ;
+----------------------+--------------+-------------------------+---------------------+------------------------------------+
; Module Name          ; Elapsed Time ; Average Processors Used ; Peak Virtual Memory ; Total CPU Time (on all processors) ;
+----------------------+--------------+-------------------------+---------------------+------------------------------------+
; Analysis & Synthesis ; 00:00:32     ; 1.0                     ; --                  ; 00:00:32                           ;
; Total                ; 00:00:32     ; --                      ; --                  ; 00:00:32                           ;
+----------------------+--------------+-------------------------+---------------------+------------------------------------+


+---------------------------------------------------------------------------------+
; Flow OS Summary                                                                 ;
+----------------------+------------------+---------+------------+----------------+
; Module Name          ; Machine Hostname ; OS Name ; OS Version ; Processor type ;
+----------------------+------------------+---------+------------+----------------+
; Analysis & Synthesis ; rh-itb-AB109-08  ; Red Hat ; 5          ; x86_64         ;
+----------------------+------------------+---------+------------+----------------+


------------
; Flow Log ;
------------
quartus_map --read_settings_files=on --write_settings_files=off experiment3 -c experiment3



