Info: Starting: Create block symbol file (.bsf)
Info: ip-generate --project-directory=/home/ECE/arfeenh/Desktop/coe4ds4_lab5_2018/experiment2/ --output-directory=/home/ECE/arfeenh/Desktop/coe4ds4_lab5_2018/experiment2/experiment2/ --report-file=bsf:/home/ECE/arfeenh/Desktop/coe4ds4_lab5_2018/experiment2/experiment2.bsf --system-info=DEVICE_FAMILY="Cyclone II" --system-info=DEVICE=EP2C35F672C6 --system-info=DEVICE_SPEEDGRADE=6 --component-file=/home/ECE/arfeenh/Desktop/coe4ds4_lab5_2018/experiment2/experiment2.qsys
Progress: Loading experiment2/experiment2.qsys
Progress: Reading input file
Progress: Adding CLOCK_50_I [clock_source 12.0]
Progress: Parameterizing module CLOCK_50_I
Progress: Adding cpu_0 [altera_nios2_qsys 12.0]
Progress: Parameterizing module cpu_0
Progress: Adding sram_0 [altera_up_avalon_sram 11.0]
Warning: sram_0: Used altera_up_avalon_sram 12.0 (instead of 11.0)
Progress: Parameterizing module sram_0
Progress: Adding jtag_uart_0 [altera_avalon_jtag_uart 12.0]
Progress: Parameterizing module jtag_uart_0
Progress: Adding SWITCH_I [altera_avalon_pio 12.0]
Progress: Parameterizing module SWITCH_I
Progress: Adding PUSH_BUTTON_I [altera_avalon_pio 12.0]
Progress: Parameterizing module PUSH_BUTTON_I
Progress: Adding LED_RED_O [altera_avalon_pio 12.0]
Progress: Parameterizing module LED_RED_O
Progress: Adding LED_GREEN_O [altera_avalon_pio 12.0]
Progress: Parameterizing module LED_GREEN_O
Progress: Adding custom_counter_component_0 [custom_counter_component 1.0]
Progress: Parameterizing module custom_counter_component_0
Progress: Adding custom_dec_component_0 [custom_dec_component 1.0]
Progress: Parameterizing module custom_dec_component_0
Progress: Building connections
Progress: Parameterizing connections
Progress: Validating
Progress: Done reading input file
Info: experiment2.SWITCH_I: PIO inputs are not hardwired in test bench. Undefined values will be read from PIO inputs during simulation.
Info: experiment2.PUSH_BUTTON_I: PIO inputs are not hardwired in test bench. Undefined values will be read from PIO inputs during simulation.
Info: ip-generate succeeded.
Info: Finished: Create block symbol file (.bsf)
Info: 
Info: Starting: Create HDL design files for synthesis
Info: ip-generate --project-directory=/home/ECE/arfeenh/Desktop/coe4ds4_lab5_2018/experiment2/ --output-directory=/home/ECE/arfeenh/Desktop/coe4ds4_lab5_2018/experiment2/experiment2/synthesis/ --file-set=QUARTUS_SYNTH --report-file=sopcinfo:/home/ECE/arfeenh/Desktop/coe4ds4_lab5_2018/experiment2/experiment2.sopcinfo --report-file=html:/home/ECE/arfeenh/Desktop/coe4ds4_lab5_2018/experiment2/experiment2.html --report-file=qip:/home/ECE/arfeenh/Desktop/coe4ds4_lab5_2018/experiment2/experiment2/synthesis/experiment2.qip --system-info=DEVICE_FAMILY="Cyclone II" --system-info=DEVICE=EP2C35F672C6 --system-info=DEVICE_SPEEDGRADE=6 --component-file=/home/ECE/arfeenh/Desktop/coe4ds4_lab5_2018/experiment2/experiment2.qsys
Progress: Loading experiment2/experiment2.qsys
Progress: Reading input file
Progress: Adding CLOCK_50_I [clock_source 12.0]
Progress: Parameterizing module CLOCK_50_I
Progress: Adding cpu_0 [altera_nios2_qsys 12.0]
Progress: Parameterizing module cpu_0
Progress: Adding sram_0 [altera_up_avalon_sram 11.0]
Warning: sram_0: Used altera_up_avalon_sram 12.0 (instead of 11.0)
Progress: Parameterizing module sram_0
Progress: Adding jtag_uart_0 [altera_avalon_jtag_uart 12.0]
Progress: Parameterizing module jtag_uart_0
Progress: Adding SWITCH_I [altera_avalon_pio 12.0]
Progress: Parameterizing module SWITCH_I
Progress: Adding PUSH_BUTTON_I [altera_avalon_pio 12.0]
Progress: Parameterizing module PUSH_BUTTON_I
Progress: Adding LED_RED_O [altera_avalon_pio 12.0]
Progress: Parameterizing module LED_RED_O
Progress: Adding LED_GREEN_O [altera_avalon_pio 12.0]
Progress: Parameterizing module LED_GREEN_O
Progress: Adding custom_counter_component_0 [custom_counter_component 1.0]
Progress: Parameterizing module custom_counter_component_0
Progress: Adding custom_dec_component_0 [custom_dec_component 1.0]
Progress: Parameterizing module custom_dec_component_0
Progress: Building connections
Progress: Parameterizing connections
Progress: Validating
Progress: Done reading input file
Info: experiment2.SWITCH_I: PIO inputs are not hardwired in test bench. Undefined values will be read from PIO inputs during simulation.
Info: experiment2.PUSH_BUTTON_I: PIO inputs are not hardwired in test bench. Undefined values will be read from PIO inputs during simulation.
Info: experiment2: Generating experiment2 "experiment2" for QUARTUS_SYNTH
Info: pipeline_bridge_swap_transform: After transform: 10 modules, 42 connections
Info: No custom instruction connections, skipping transform 
Info: merlin_translator_transform: After transform: 21 modules, 86 connections
Info: merlin_domain_transform: After transform: 42 modules, 228 connections
Info: merlin_router_transform: After transform: 53 modules, 272 connections
Info: merlin_burst_transform: After transform: 54 modules, 276 connections
Info: reset_adaptation_transform: After transform: 55 modules, 216 connections
Info: merlin_network_to_switch_transform: After transform: 76 modules, 260 connections
Info: merlin_width_transform: After transform: 78 modules, 266 connections
Info: merlin_interrupt_mapper_transform: After transform: 79 modules, 269 connections
Info: cpu_0: Starting RTL generation for module 'experiment2_cpu_0'
Info: cpu_0:   Generation command is [exec /tools/altera/12.0/quartus/../ip/altera/nios2_ip/altera_nios2/eperl -I /tools/altera/12.0/quartus/common/ip/altera/common/perl/5.8.3 -I /tools/altera/12.0/quartus/sopc_builder/bin/europa -I /tools/altera/12.0/quartus/sopc_builder/bin/perl_lib -I /tools/altera/12.0/quartus/sopc_builder/bin -I /tools/altera/12.0/quartus/../ip/altera/nios2_ip/altera_nios2/cpu_lib -I /tools/altera/12.0/quartus/../ip/altera/nios2_ip/altera_nios2/nios_lib -I /tools/altera/12.0/quartus/../ip/altera/nios2_ip/altera_nios2 -I /tools/altera/12.0/quartus/../ip/altera/nios2_ip/altera_nios2 -- /tools/altera/12.0/quartus/../ip/altera/nios2_ip/altera_nios2/generate_rtl.epl --name=experiment2_cpu_0 --dir=/tmp/alt7574_7456577612590458889.dir/0001_cpu_0_gen/ --quartus_dir=/tools/altera/12.0/quartus --verilog --config=/tmp/alt7574_7456577612590458889.dir/0001_cpu_0_gen//experiment2_cpu_0_processor_configuration.pl  --do_build_sim=0    --bogus  ]
Info: cpu_0: # 2018.02.12 15:55:24 (*) Starting Nios II generation
Info: cpu_0: # 2018.02.12 15:55:24 (*)   No license required to generate encrypted Nios II/e.
Info: cpu_0: # 2018.02.12 15:55:24 (*)   Elaborating CPU configuration settings
Info: cpu_0: # 2018.02.12 15:55:24 (*)   Creating all objects for CPU
Info: cpu_0: # 2018.02.12 15:55:26 (*)   Generating RTL from CPU objects
Info: cpu_0: # 2018.02.12 15:55:26 (*)   Creating plain-text RTL
Info: cpu_0: # 2018.02.12 15:55:27 (*) Done Nios II generation
Info: cpu_0: Done RTL generation for module 'experiment2_cpu_0'
Info: cpu_0: "experiment2" instantiated altera_nios2_qsys "cpu_0"
Info: sram_0: Starting Generation of SRAM or SSRAM Controller
Info: sram_0: "experiment2" instantiated altera_up_avalon_sram "sram_0"
Info: Starting classic module elaboration.
"/tools/altera/12.0/quartus/linux/jre/bin/java" -Xmx512M -classpath "/tools/altera/12.0/quartus/sopc_builder/bin/sopc_builder.jar:/tools/altera/12.0/quartus/sopc_builder/bin/PinAssigner.jar:/tools/altera/12.0/quartus/sopc_builder/bin/sopc_wizard.jar:/tools/altera/12.0/quartus/sopc_builder/bin/jptf.jar" sopc_builder.sopc_builder  -d"/tools/altera/12.0/quartus/sopc_builder" -notalkback=1 -projectnameyysystem.qpf -projectpath/tmp/alt7574_7456577612590458889.dir/0003_sopclgen  --no_splash --refresh /tmp/alt7574_7456577612590458889.dir/0003_sopclgen/yysystem.v --quartus_dir="/tools/altera/12.0/quartus" --sopc_perl="/tools/altera/12.0/quartus/linux/perl" --sopc_lib_path="++/tools/altera/12.0/quartus/../ip/altera/sopc_builder_ip+/tools/altera/12.0/quartus/../ip/altera/nios2_ip"
(:27882): GLib-WARNING **: getpwuid_r(): failed due to unknown user id (16777732)
Info: Finished elaborating classic module.
Executing: /tools/altera/12.0/quartus//sopc_builder/bin/sopc_builder --classic --generate /tmp/alt7574_7456577612590458889.dir/0003_sopclgen/yysystem.ptf
Info: Running sopc_builder...
"/tools/altera/12.0/quartus//linux/jre/bin/java" -Xmx512M -classpath "/tools/altera/12.0/quartus//sopc_builder/bin/sopc_builder.jar:/tools/altera/12.0/quartus//sopc_builder/bin/PinAssigner.jar:/tools/altera/12.0/quartus//sopc_builder/bin/sopc_wizard.jar:/tools/altera/12.0/quartus//sopc_builder/bin/jptf.jar" sopc_builder.sopc_builder  -d"/tools/altera/12.0/quartus//sopc_builder" -notalkback=1 -projectnameyysystem.qpf -projectpath/tmp/alt7574_7456577612590458889.dir/0003_sopclgen  --generate /tmp/alt7574_7456577612590458889.dir/0003_sopclgen/yysystem.v --quartus_dir="/tools/altera/12.0/quartus/" --sopc_perl="/tools/altera/12.0/quartus//linux/perl" --sopc_lib_path="++/tools/altera/12.0/quartus//../ip/altera/sopc_builder_ip+/tools/altera/12.0/quartus//../ip/altera/nios2_ip"
(:27917): GLib-WARNING **: getpwuid_r(): failed due to unknown user id (16777732)
.
# 2018.02.12 15:55:32 (*) Success: sopc_builder finished.
Info: jtag_uart_0: "experiment2" instantiated altera_avalon_jtag_uart "jtag_uart_0"
Info: Starting classic module elaboration.
"/tools/altera/12.0/quartus/linux/jre/bin/java" -Xmx512M -classpath "/tools/altera/12.0/quartus/sopc_builder/bin/sopc_builder.jar:/tools/altera/12.0/quartus/sopc_builder/bin/PinAssigner.jar:/tools/altera/12.0/quartus/sopc_builder/bin/sopc_wizard.jar:/tools/altera/12.0/quartus/sopc_builder/bin/jptf.jar" sopc_builder.sopc_builder  -d"/tools/altera/12.0/quartus/sopc_builder" -notalkback=1 -projectnameyysystem.qpf -projectpath/tmp/alt7574_7456577612590458889.dir/0004_sopclgen  --no_splash --refresh /tmp/alt7574_7456577612590458889.dir/0004_sopclgen/yysystem.v --quartus_dir="/tools/altera/12.0/quartus" --sopc_perl="/tools/altera/12.0/quartus/linux/perl" --sopc_lib_path="++/tools/altera/12.0/quartus/../ip/altera/sopc_builder_ip+/tools/altera/12.0/quartus/../ip/altera/nios2_ip"
(:27955): GLib-WARNING **: getpwuid_r(): failed due to unknown user id (16777732)
Info: Finished elaborating classic module.
Executing: /tools/altera/12.0/quartus//sopc_builder/bin/sopc_builder --classic --generate /tmp/alt7574_7456577612590458889.dir/0004_sopclgen/yysystem.ptf
Info: Running sopc_builder...
"/tools/altera/12.0/quartus//linux/jre/bin/java" -Xmx512M -classpath "/tools/altera/12.0/quartus//sopc_builder/bin/sopc_builder.jar:/tools/altera/12.0/quartus//sopc_builder/bin/PinAssigner.jar:/tools/altera/12.0/quartus//sopc_builder/bin/sopc_wizard.jar:/tools/altera/12.0/quartus//sopc_builder/bin/jptf.jar" sopc_builder.sopc_builder  -d"/tools/altera/12.0/quartus//sopc_builder" -notalkback=1 -projectnameyysystem.qpf -projectpath/tmp/alt7574_7456577612590458889.dir/0004_sopclgen  --generate /tmp/alt7574_7456577612590458889.dir/0004_sopclgen/yysystem.v --quartus_dir="/tools/altera/12.0/quartus/" --sopc_perl="/tools/altera/12.0/quartus//linux/perl" --sopc_lib_path="++/tools/altera/12.0/quartus//../ip/altera/sopc_builder_ip+/tools/altera/12.0/quartus//../ip/altera/nios2_ip"
(:27991): GLib-WARNING **: getpwuid_r(): failed due to unknown user id (16777732)
.
# 2018.02.12 15:55:36 (*) Success: sopc_builder finished.
Info: SWITCH_I: "experiment2" instantiated altera_avalon_pio "SWITCH_I"
Info: Starting classic module elaboration.
"/tools/altera/12.0/quartus/linux/jre/bin/java" -Xmx512M -classpath "/tools/altera/12.0/quartus/sopc_builder/bin/sopc_builder.jar:/tools/altera/12.0/quartus/sopc_builder/bin/PinAssigner.jar:/tools/altera/12.0/quartus/sopc_builder/bin/sopc_wizard.jar:/tools/altera/12.0/quartus/sopc_builder/bin/jptf.jar" sopc_builder.sopc_builder  -d"/tools/altera/12.0/quartus/sopc_builder" -notalkback=1 -projectnameyysystem.qpf -projectpath/tmp/alt7574_7456577612590458889.dir/0005_sopclgen  --no_splash --refresh /tmp/alt7574_7456577612590458889.dir/0005_sopclgen/yysystem.v --quartus_dir="/tools/altera/12.0/quartus" --sopc_perl="/tools/altera/12.0/quartus/linux/perl" --sopc_lib_path="++/tools/altera/12.0/quartus/../ip/altera/sopc_builder_ip+/tools/altera/12.0/quartus/../ip/altera/nios2_ip"
(:28028): GLib-WARNING **: getpwuid_r(): failed due to unknown user id (16777732)
Info: Finished elaborating classic module.
Executing: /tools/altera/12.0/quartus//sopc_builder/bin/sopc_builder --classic --generate /tmp/alt7574_7456577612590458889.dir/0005_sopclgen/yysystem.ptf
Info: Running sopc_builder...
"/tools/altera/12.0/quartus//linux/jre/bin/java" -Xmx512M -classpath "/tools/altera/12.0/quartus//sopc_builder/bin/sopc_builder.jar:/tools/altera/12.0/quartus//sopc_builder/bin/PinAssigner.jar:/tools/altera/12.0/quartus//sopc_builder/bin/sopc_wizard.jar:/tools/altera/12.0/quartus//sopc_builder/bin/jptf.jar" sopc_builder.sopc_builder  -d"/tools/altera/12.0/quartus//sopc_builder" -notalkback=1 -projectnameyysystem.qpf -projectpath/tmp/alt7574_7456577612590458889.dir/0005_sopclgen  --generate /tmp/alt7574_7456577612590458889.dir/0005_sopclgen/yysystem.v --quartus_dir="/tools/altera/12.0/quartus/" --sopc_perl="/tools/altera/12.0/quartus//linux/perl" --sopc_lib_path="++/tools/altera/12.0/quartus//../ip/altera/sopc_builder_ip+/tools/altera/12.0/quartus//../ip/altera/nios2_ip"
(:28062): GLib-WARNING **: getpwuid_r(): failed due to unknown user id (16777732)
.
# 2018.02.12 15:55:41 (*) Success: sopc_builder finished.
Info: PUSH_BUTTON_I: "experiment2" instantiated altera_avalon_pio "PUSH_BUTTON_I"
Info: Starting classic module elaboration.
"/tools/altera/12.0/quartus/linux/jre/bin/java" -Xmx512M -classpath "/tools/altera/12.0/quartus/sopc_builder/bin/sopc_builder.jar:/tools/altera/12.0/quartus/sopc_builder/bin/PinAssigner.jar:/tools/altera/12.0/quartus/sopc_builder/bin/sopc_wizard.jar:/tools/altera/12.0/quartus/sopc_builder/bin/jptf.jar" sopc_builder.sopc_builder  -d"/tools/altera/12.0/quartus/sopc_builder" -notalkback=1 -projectnameyysystem.qpf -projectpath/tmp/alt7574_7456577612590458889.dir/0006_sopclgen  --no_splash --refresh /tmp/alt7574_7456577612590458889.dir/0006_sopclgen/yysystem.v --quartus_dir="/tools/altera/12.0/quartus" --sopc_perl="/tools/altera/12.0/quartus/linux/perl" --sopc_lib_path="++/tools/altera/12.0/quartus/../ip/altera/sopc_builder_ip+/tools/altera/12.0/quartus/../ip/altera/nios2_ip"
(:28100): GLib-WARNING **: getpwuid_r(): failed due to unknown user id (16777732)
Info: Finished elaborating classic module.
Executing: /tools/altera/12.0/quartus//sopc_builder/bin/sopc_builder --classic --generate /tmp/alt7574_7456577612590458889.dir/0006_sopclgen/yysystem.ptf
Info: Running sopc_builder...
"/tools/altera/12.0/quartus//linux/jre/bin/java" -Xmx512M -classpath "/tools/altera/12.0/quartus//sopc_builder/bin/sopc_builder.jar:/tools/altera/12.0/quartus//sopc_builder/bin/PinAssigner.jar:/tools/altera/12.0/quartus//sopc_builder/bin/sopc_wizard.jar:/tools/altera/12.0/quartus//sopc_builder/bin/jptf.jar" sopc_builder.sopc_builder  -d"/tools/altera/12.0/quartus//sopc_builder" -notalkback=1 -projectnameyysystem.qpf -projectpath/tmp/alt7574_7456577612590458889.dir/0006_sopclgen  --generate /tmp/alt7574_7456577612590458889.dir/0006_sopclgen/yysystem.v --quartus_dir="/tools/altera/12.0/quartus/" --sopc_perl="/tools/altera/12.0/quartus//linux/perl" --sopc_lib_path="++/tools/altera/12.0/quartus//../ip/altera/sopc_builder_ip+/tools/altera/12.0/quartus//../ip/altera/nios2_ip"
(:28137): GLib-WARNING **: getpwuid_r(): failed due to unknown user id (16777732)
.
# 2018.02.12 15:55:46 (*) Success: sopc_builder finished.
Info: LED_RED_O: "experiment2" instantiated altera_avalon_pio "LED_RED_O"
Info: Starting classic module elaboration.
"/tools/altera/12.0/quartus/linux/jre/bin/java" -Xmx512M -classpath "/tools/altera/12.0/quartus/sopc_builder/bin/sopc_builder.jar:/tools/altera/12.0/quartus/sopc_builder/bin/PinAssigner.jar:/tools/altera/12.0/quartus/sopc_builder/bin/sopc_wizard.jar:/tools/altera/12.0/quartus/sopc_builder/bin/jptf.jar" sopc_builder.sopc_builder  -d"/tools/altera/12.0/quartus/sopc_builder" -notalkback=1 -projectnameyysystem.qpf -projectpath/tmp/alt7574_7456577612590458889.dir/0007_sopclgen  --no_splash --refresh /tmp/alt7574_7456577612590458889.dir/0007_sopclgen/yysystem.v --quartus_dir="/tools/altera/12.0/quartus" --sopc_perl="/tools/altera/12.0/quartus/linux/perl" --sopc_lib_path="++/tools/altera/12.0/quartus/../ip/altera/sopc_builder_ip+/tools/altera/12.0/quartus/../ip/altera/nios2_ip"
(:28175): GLib-WARNING **: getpwuid_r(): failed due to unknown user id (16777732)
Info: Finished elaborating classic module.
Executing: /tools/altera/12.0/quartus//sopc_builder/bin/sopc_builder --classic --generate /tmp/alt7574_7456577612590458889.dir/0007_sopclgen/yysystem.ptf
Info: Running sopc_builder...
"/tools/altera/12.0/quartus//linux/jre/bin/java" -Xmx512M -classpath "/tools/altera/12.0/quartus//sopc_builder/bin/sopc_builder.jar:/tools/altera/12.0/quartus//sopc_builder/bin/PinAssigner.jar:/tools/altera/12.0/quartus//sopc_builder/bin/sopc_wizard.jar:/tools/altera/12.0/quartus//sopc_builder/bin/jptf.jar" sopc_builder.sopc_builder  -d"/tools/altera/12.0/quartus//sopc_builder" -notalkback=1 -projectnameyysystem.qpf -projectpath/tmp/alt7574_7456577612590458889.dir/0007_sopclgen  --generate /tmp/alt7574_7456577612590458889.dir/0007_sopclgen/yysystem.v --quartus_dir="/tools/altera/12.0/quartus/" --sopc_perl="/tools/altera/12.0/quartus//linux/perl" --sopc_lib_path="++/tools/altera/12.0/quartus//../ip/altera/sopc_builder_ip+/tools/altera/12.0/quartus//../ip/altera/nios2_ip"
(:28210): GLib-WARNING **: getpwuid_r(): failed due to unknown user id (16777732)
.
# 2018.02.12 15:55:51 (*) Success: sopc_builder finished.
Info: LED_GREEN_O: "experiment2" instantiated altera_avalon_pio "LED_GREEN_O"
Info: custom_counter_component_0: "experiment2" instantiated custom_counter_component "custom_counter_component_0"
Info: custom_dec_component_0: "experiment2" instantiated custom_dec_component "custom_dec_component_0"
Info: cpu_0_instruction_master_translator: "experiment2" instantiated altera_merlin_master_translator "cpu_0_instruction_master_translator"
Info: cpu_0_jtag_debug_module_translator: "experiment2" instantiated altera_merlin_slave_translator "cpu_0_jtag_debug_module_translator"
Info: cpu_0_instruction_master_translator_avalon_universal_master_0_agent: "experiment2" instantiated altera_merlin_master_agent "cpu_0_instruction_master_translator_avalon_universal_master_0_agent"
Info: cpu_0_jtag_debug_module_translator_avalon_universal_slave_0_agent: "experiment2" instantiated altera_merlin_slave_agent "cpu_0_jtag_debug_module_translator_avalon_universal_slave_0_agent"
Info: cpu_0_jtag_debug_module_translator_avalon_universal_slave_0_agent_rsp_fifo: "experiment2" instantiated altera_avalon_sc_fifo "cpu_0_jtag_debug_module_translator_avalon_universal_slave_0_agent_rsp_fifo"
Info: addr_router: "experiment2" instantiated altera_merlin_router "addr_router"
Info: addr_router_001: "experiment2" instantiated altera_merlin_router "addr_router_001"
Info: id_router: "experiment2" instantiated altera_merlin_router "id_router"
Info: id_router_001: "experiment2" instantiated altera_merlin_router "id_router_001"
Info: id_router_002: "experiment2" instantiated altera_merlin_router "id_router_002"
Info: burst_adapter: "experiment2" instantiated altera_merlin_burst_adapter "burst_adapter"
Info: rst_controller: "experiment2" instantiated altera_reset_controller "rst_controller"
Info: cmd_xbar_demux: "experiment2" instantiated altera_merlin_demultiplexer "cmd_xbar_demux"
Info: cmd_xbar_demux_001: "experiment2" instantiated altera_merlin_demultiplexer "cmd_xbar_demux_001"
Info: cmd_xbar_mux: "experiment2" instantiated altera_merlin_multiplexer "cmd_xbar_mux"
Info: rsp_xbar_demux_002: "experiment2" instantiated altera_merlin_demultiplexer "rsp_xbar_demux_002"
Info: rsp_xbar_mux: "experiment2" instantiated altera_merlin_multiplexer "rsp_xbar_mux"
Info: Reusing file /home/ECE/arfeenh/Desktop/coe4ds4_lab5_2018/experiment2/experiment2/synthesis/submodules/altera_merlin_arbitrator.sv
Info: rsp_xbar_mux_001: "experiment2" instantiated altera_merlin_multiplexer "rsp_xbar_mux_001"
Info: Reusing file /home/ECE/arfeenh/Desktop/coe4ds4_lab5_2018/experiment2/experiment2/synthesis/submodules/altera_merlin_arbitrator.sv
Info: width_adapter: "experiment2" instantiated altera_merlin_width_adapter "width_adapter"
Info: Reusing file /home/ECE/arfeenh/Desktop/coe4ds4_lab5_2018/experiment2/experiment2/synthesis/submodules/altera_merlin_burst_uncompressor.sv
Info: irq_mapper: "experiment2" instantiated altera_irq_mapper "irq_mapper"
Info: experiment2: Done experiment2" with 30 modules, 100 files, 1814881 bytes
Info: ip-generate succeeded.
Info: Finished: Create HDL design files for synthesis
