Info: Starting: Create simulation model
Info: ip-generate --project-directory=/home/ECE/fahimr/Desktop/experiment1/ --output-directory=/home/ECE/fahimr/Desktop/experiment1/experiment1/simulation/ --file-set=SIM_VERILOG --report-file=sopcinfo:/home/ECE/fahimr/Desktop/experiment1/experiment1.sopcinfo --report-file=html:/home/ECE/fahimr/Desktop/experiment1/experiment1.html --report-file=sip:/home/ECE/fahimr/Desktop/experiment1/experiment1/simulation/experiment1.sip --report-file=csv:/home/ECE/fahimr/Desktop/experiment1/experiment1.csv --report-file=spd:/home/ECE/fahimr/Desktop/experiment1/experiment1.spd --system-info=DEVICE_FAMILY="Cyclone II" --system-info=DEVICE=AUTO --component-file=/home/ECE/fahimr/Desktop/experiment1/experiment1.qsys
Progress: Loading experiment1/experiment1.qsys
Progress: Reading input file
Progress: Adding CLOCK_50_I [clock_source 12.0]
Progress: Parameterizing module CLOCK_50_I
Progress: Adding onchip_memory2_0 [altera_avalon_onchip_memory2 12.0]
Progress: Parameterizing module onchip_memory2_0
Progress: Adding cpu_0 [altera_nios2_qsys 12.0]
Progress: Parameterizing module cpu_0
Progress: Adding jtag_uart_0 [altera_avalon_jtag_uart 12.0]
Progress: Parameterizing module jtag_uart_0
Progress: Adding SWITCH_I [altera_avalon_pio 12.0]
Progress: Parameterizing module SWITCH_I
Progress: Adding PUSH_BUTTON_I [altera_avalon_pio 12.0]
Progress: Parameterizing module PUSH_BUTTON_I
Progress: Adding LED_RED_O [altera_avalon_pio 12.0]
Progress: Parameterizing module LED_RED_O
Progress: Adding LED_GREEN_O [altera_avalon_pio 12.0]
Progress: Parameterizing module LED_GREEN_O
Progress: Adding custom_counter_component_0 [custom_counter_component 1.0]
Progress: Parameterizing module custom_counter_component_0
Progress: Building connections
Progress: Parameterizing connections
Progress: Validating
Progress: Done reading input file
Info: experiment1.onchip_memory2_0: Memory will be initialized from onchip_memory2_0.hex
Info: experiment1.SWITCH_I: PIO inputs are not hardwired in test bench. Undefined values will be read from PIO inputs during simulation.
Info: experiment1.PUSH_BUTTON_I: PIO inputs are not hardwired in test bench. Undefined values will be read from PIO inputs during simulation.
Info: experiment1: Generating experiment1 "experiment1" for SIM_VERILOG
Info: pipeline_bridge_swap_transform: After transform: 9 modules, 37 connections
Info: No custom instruction connections, skipping transform 
Info: merlin_translator_transform: After transform: 19 modules, 77 connections
Info: merlin_domain_transform: After transform: 38 modules, 205 connections
Info: merlin_router_transform: After transform: 48 modules, 245 connections
Info: reset_adaptation_transform: After transform: 49 modules, 192 connections
Info: merlin_network_to_switch_transform: After transform: 68 modules, 232 connections
Info: merlin_interrupt_mapper_transform: After transform: 69 modules, 235 connections
Info: Starting classic module elaboration.
"/tools/altera/12.0/quartus/linux/jre/bin/java" -Xmx512M -classpath "/tools/altera/12.0/quartus/sopc_builder/bin/sopc_builder.jar:/tools/altera/12.0/quartus/sopc_builder/bin/PinAssigner.jar:/tools/altera/12.0/quartus/sopc_builder/bin/sopc_wizard.jar:/tools/altera/12.0/quartus/sopc_builder/bin/jptf.jar" sopc_builder.sopc_builder  -d"/tools/altera/12.0/quartus/sopc_builder" -notalkback=1 -projectnameyysystem.qpf -projectpath/tmp/alt7956_4216929494426467563.dir/0001_sopclgen  --no_splash --refresh /tmp/alt7956_4216929494426467563.dir/0001_sopclgen/yysystem.v --quartus_dir="/tools/altera/12.0/quartus" --sopc_perl="/tools/altera/12.0/quartus/linux/perl" --sopc_lib_path="++/tools/altera/12.0/quartus/../ip/altera/sopc_builder_ip+/tools/altera/12.0/quartus/../ip/altera/nios2_ip"
Info: Finished elaborating classic module.
Executing: /tools/altera/12.0/quartus//sopc_builder/bin/sopc_builder --classic --generate /tmp/alt7956_4216929494426467563.dir/0001_sopclgen/yysystem.ptf
Info: Running sopc_builder...
"/tools/altera/12.0/quartus//linux/jre/bin/java" -Xmx512M -classpath "/tools/altera/12.0/quartus//sopc_builder/bin/sopc_builder.jar:/tools/altera/12.0/quartus//sopc_builder/bin/PinAssigner.jar:/tools/altera/12.0/quartus//sopc_builder/bin/sopc_wizard.jar:/tools/altera/12.0/quartus//sopc_builder/bin/jptf.jar" sopc_builder.sopc_builder  -d"/tools/altera/12.0/quartus//sopc_builder" -notalkback=1 -projectnameyysystem.qpf -projectpath/tmp/alt7956_4216929494426467563.dir/0001_sopclgen  --generate /tmp/alt7956_4216929494426467563.dir/0001_sopclgen/yysystem.v --quartus_dir="/tools/altera/12.0/quartus/" --sopc_perl="/tools/altera/12.0/quartus//linux/perl" --sopc_lib_path="++/tools/altera/12.0/quartus//../ip/altera/sopc_builder_ip+/tools/altera/12.0/quartus//../ip/altera/nios2_ip"
.
# 2019.02.28 19:34:40 (*) Success: sopc_builder finished.
Info: onchip_memory2_0: "experiment1" instantiated altera_avalon_onchip_memory2 "onchip_memory2_0"
Info: cpu_0: Starting RTL generation for module 'experiment1_cpu_0'
Info: cpu_0:   Generation command is [exec /tools/altera/12.0/quartus/../ip/altera/nios2_ip/altera_nios2/eperl -I /tools/altera/12.0/quartus/common/ip/altera/common/perl/5.8.3 -I /tools/altera/12.0/quartus/sopc_builder/bin/europa -I /tools/altera/12.0/quartus/sopc_builder/bin/perl_lib -I /tools/altera/12.0/quartus/sopc_builder/bin -I /tools/altera/12.0/quartus/../ip/altera/nios2_ip/altera_nios2/cpu_lib -I /tools/altera/12.0/quartus/../ip/altera/nios2_ip/altera_nios2/nios_lib -I /tools/altera/12.0/quartus/../ip/altera/nios2_ip/altera_nios2 -I /tools/altera/12.0/quartus/../ip/altera/nios2_ip/altera_nios2 -- /tools/altera/12.0/quartus/../ip/altera/nios2_ip/altera_nios2/generate_rtl.epl --name=experiment1_cpu_0 --dir=/tmp/alt7956_4216929494426467563.dir/0002_cpu_0_gen/ --quartus_dir=/tools/altera/12.0/quartus --verilog --config=/tmp/alt7956_4216929494426467563.dir/0002_cpu_0_gen//experiment1_cpu_0_processor_configuration.pl  --do_build_sim=1    --sim_dir=/tmp/alt7956_4216929494426467563.dir/0002_cpu_0_gen/    --bogus  ]
Info: cpu_0: # 2019.02.28 19:34:42 (*) Starting Nios II generation
Info: cpu_0: # 2019.02.28 19:34:42 (*)   No license required to generate encrypted Nios II/e.
Info: cpu_0: # 2019.02.28 19:34:42 (*)   Elaborating CPU configuration settings
Info: cpu_0: # 2019.02.28 19:34:42 (*)   Creating all objects for CPU
Info: cpu_0: # 2019.02.28 19:34:43 (*)   Creating '/tmp/alt7956_4216929494426467563.dir/0002_cpu_0_gen//experiment1_cpu_0.do'
Info: cpu_0: # 2019.02.28 19:34:43 (*)   Generating RTL from CPU objects
Info: cpu_0: # 2019.02.28 19:34:43 (*)   Creating plain-text RTL
Info: cpu_0: # 2019.02.28 19:34:44 (*) Done Nios II generation
Info: cpu_0: Done RTL generation for module 'experiment1_cpu_0'
Info: cpu_0: "experiment1" instantiated altera_nios2_qsys "cpu_0"
Info: Starting classic module elaboration.
"/tools/altera/12.0/quartus/linux/jre/bin/java" -Xmx512M -classpath "/tools/altera/12.0/quartus/sopc_builder/bin/sopc_builder.jar:/tools/altera/12.0/quartus/sopc_builder/bin/PinAssigner.jar:/tools/altera/12.0/quartus/sopc_builder/bin/sopc_wizard.jar:/tools/altera/12.0/quartus/sopc_builder/bin/jptf.jar" sopc_builder.sopc_builder  -d"/tools/altera/12.0/quartus/sopc_builder" -notalkback=1 -projectnameyysystem.qpf -projectpath/tmp/alt7956_4216929494426467563.dir/0003_sopclgen  --no_splash --refresh /tmp/alt7956_4216929494426467563.dir/0003_sopclgen/yysystem.v --quartus_dir="/tools/altera/12.0/quartus" --sopc_perl="/tools/altera/12.0/quartus/linux/perl" --sopc_lib_path="++/tools/altera/12.0/quartus/../ip/altera/sopc_builder_ip+/tools/altera/12.0/quartus/../ip/altera/nios2_ip"
Info: Finished elaborating classic module.
Executing: /tools/altera/12.0/quartus//sopc_builder/bin/sopc_builder --classic --generate /tmp/alt7956_4216929494426467563.dir/0003_sopclgen/yysystem.ptf
Info: Running sopc_builder...
"/tools/altera/12.0/quartus//linux/jre/bin/java" -Xmx512M -classpath "/tools/altera/12.0/quartus//sopc_builder/bin/sopc_builder.jar:/tools/altera/12.0/quartus//sopc_builder/bin/PinAssigner.jar:/tools/altera/12.0/quartus//sopc_builder/bin/sopc_wizard.jar:/tools/altera/12.0/quartus//sopc_builder/bin/jptf.jar" sopc_builder.sopc_builder  -d"/tools/altera/12.0/quartus//sopc_builder" -notalkback=1 -projectnameyysystem.qpf -projectpath/tmp/alt7956_4216929494426467563.dir/0003_sopclgen  --generate /tmp/alt7956_4216929494426467563.dir/0003_sopclgen/yysystem.v --quartus_dir="/tools/altera/12.0/quartus/" --sopc_perl="/tools/altera/12.0/quartus//linux/perl" --sopc_lib_path="++/tools/altera/12.0/quartus//../ip/altera/sopc_builder_ip+/tools/altera/12.0/quartus//../ip/altera/nios2_ip"
.
# 2019.02.28 19:34:49 (*) Success: sopc_builder finished.
Info: jtag_uart_0: "experiment1" instantiated altera_avalon_jtag_uart "jtag_uart_0"
Info: Starting classic module elaboration.
"/tools/altera/12.0/quartus/linux/jre/bin/java" -Xmx512M -classpath "/tools/altera/12.0/quartus/sopc_builder/bin/sopc_builder.jar:/tools/altera/12.0/quartus/sopc_builder/bin/PinAssigner.jar:/tools/altera/12.0/quartus/sopc_builder/bin/sopc_wizard.jar:/tools/altera/12.0/quartus/sopc_builder/bin/jptf.jar" sopc_builder.sopc_builder  -d"/tools/altera/12.0/quartus/sopc_builder" -notalkback=1 -projectnameyysystem.qpf -projectpath/tmp/alt7956_4216929494426467563.dir/0004_sopclgen  --no_splash --refresh /tmp/alt7956_4216929494426467563.dir/0004_sopclgen/yysystem.v --quartus_dir="/tools/altera/12.0/quartus" --sopc_perl="/tools/altera/12.0/quartus/linux/perl" --sopc_lib_path="++/tools/altera/12.0/quartus/../ip/altera/sopc_builder_ip+/tools/altera/12.0/quartus/../ip/altera/nios2_ip"
Info: Finished elaborating classic module.
Executing: /tools/altera/12.0/quartus//sopc_builder/bin/sopc_builder --classic --generate /tmp/alt7956_4216929494426467563.dir/0004_sopclgen/yysystem.ptf
Info: Running sopc_builder...
"/tools/altera/12.0/quartus//linux/jre/bin/java" -Xmx512M -classpath "/tools/altera/12.0/quartus//sopc_builder/bin/sopc_builder.jar:/tools/altera/12.0/quartus//sopc_builder/bin/PinAssigner.jar:/tools/altera/12.0/quartus//sopc_builder/bin/sopc_wizard.jar:/tools/altera/12.0/quartus//sopc_builder/bin/jptf.jar" sopc_builder.sopc_builder  -d"/tools/altera/12.0/quartus//sopc_builder" -notalkback=1 -projectnameyysystem.qpf -projectpath/tmp/alt7956_4216929494426467563.dir/0004_sopclgen  --generate /tmp/alt7956_4216929494426467563.dir/0004_sopclgen/yysystem.v --quartus_dir="/tools/altera/12.0/quartus/" --sopc_perl="/tools/altera/12.0/quartus//linux/perl" --sopc_lib_path="++/tools/altera/12.0/quartus//../ip/altera/sopc_builder_ip+/tools/altera/12.0/quartus//../ip/altera/nios2_ip"
.
# 2019.02.28 19:34:53 (*) Success: sopc_builder finished.
Info: SWITCH_I: "experiment1" instantiated altera_avalon_pio "SWITCH_I"
Info: Starting classic module elaboration.
"/tools/altera/12.0/quartus/linux/jre/bin/java" -Xmx512M -classpath "/tools/altera/12.0/quartus/sopc_builder/bin/sopc_builder.jar:/tools/altera/12.0/quartus/sopc_builder/bin/PinAssigner.jar:/tools/altera/12.0/quartus/sopc_builder/bin/sopc_wizard.jar:/tools/altera/12.0/quartus/sopc_builder/bin/jptf.jar" sopc_builder.sopc_builder  -d"/tools/altera/12.0/quartus/sopc_builder" -notalkback=1 -projectnameyysystem.qpf -projectpath/tmp/alt7956_4216929494426467563.dir/0005_sopclgen  --no_splash --refresh /tmp/alt7956_4216929494426467563.dir/0005_sopclgen/yysystem.v --quartus_dir="/tools/altera/12.0/quartus" --sopc_perl="/tools/altera/12.0/quartus/linux/perl" --sopc_lib_path="++/tools/altera/12.0/quartus/../ip/altera/sopc_builder_ip+/tools/altera/12.0/quartus/../ip/altera/nios2_ip"
Info: Finished elaborating classic module.
Executing: /tools/altera/12.0/quartus//sopc_builder/bin/sopc_builder --classic --generate /tmp/alt7956_4216929494426467563.dir/0005_sopclgen/yysystem.ptf
Info: Running sopc_builder...
"/tools/altera/12.0/quartus//linux/jre/bin/java" -Xmx512M -classpath "/tools/altera/12.0/quartus//sopc_builder/bin/sopc_builder.jar:/tools/altera/12.0/quartus//sopc_builder/bin/PinAssigner.jar:/tools/altera/12.0/quartus//sopc_builder/bin/sopc_wizard.jar:/tools/altera/12.0/quartus//sopc_builder/bin/jptf.jar" sopc_builder.sopc_builder  -d"/tools/altera/12.0/quartus//sopc_builder" -notalkback=1 -projectnameyysystem.qpf -projectpath/tmp/alt7956_4216929494426467563.dir/0005_sopclgen  --generate /tmp/alt7956_4216929494426467563.dir/0005_sopclgen/yysystem.v --quartus_dir="/tools/altera/12.0/quartus/" --sopc_perl="/tools/altera/12.0/quartus//linux/perl" --sopc_lib_path="++/tools/altera/12.0/quartus//../ip/altera/sopc_builder_ip+/tools/altera/12.0/quartus//../ip/altera/nios2_ip"
.
# 2019.02.28 19:34:58 (*) Success: sopc_builder finished.
Info: PUSH_BUTTON_I: "experiment1" instantiated altera_avalon_pio "PUSH_BUTTON_I"
Info: Starting classic module elaboration.
"/tools/altera/12.0/quartus/linux/jre/bin/java" -Xmx512M -classpath "/tools/altera/12.0/quartus/sopc_builder/bin/sopc_builder.jar:/tools/altera/12.0/quartus/sopc_builder/bin/PinAssigner.jar:/tools/altera/12.0/quartus/sopc_builder/bin/sopc_wizard.jar:/tools/altera/12.0/quartus/sopc_builder/bin/jptf.jar" sopc_builder.sopc_builder  -d"/tools/altera/12.0/quartus/sopc_builder" -notalkback=1 -projectnameyysystem.qpf -projectpath/tmp/alt7956_4216929494426467563.dir/0006_sopclgen  --no_splash --refresh /tmp/alt7956_4216929494426467563.dir/0006_sopclgen/yysystem.v --quartus_dir="/tools/altera/12.0/quartus" --sopc_perl="/tools/altera/12.0/quartus/linux/perl" --sopc_lib_path="++/tools/altera/12.0/quartus/../ip/altera/sopc_builder_ip+/tools/altera/12.0/quartus/../ip/altera/nios2_ip"
Info: Finished elaborating classic module.
Executing: /tools/altera/12.0/quartus//sopc_builder/bin/sopc_builder --classic --generate /tmp/alt7956_4216929494426467563.dir/0006_sopclgen/yysystem.ptf
Info: Running sopc_builder...
"/tools/altera/12.0/quartus//linux/jre/bin/java" -Xmx512M -classpath "/tools/altera/12.0/quartus//sopc_builder/bin/sopc_builder.jar:/tools/altera/12.0/quartus//sopc_builder/bin/PinAssigner.jar:/tools/altera/12.0/quartus//sopc_builder/bin/sopc_wizard.jar:/tools/altera/12.0/quartus//sopc_builder/bin/jptf.jar" sopc_builder.sopc_builder  -d"/tools/altera/12.0/quartus//sopc_builder" -notalkback=1 -projectnameyysystem.qpf -projectpath/tmp/alt7956_4216929494426467563.dir/0006_sopclgen  --generate /tmp/alt7956_4216929494426467563.dir/0006_sopclgen/yysystem.v --quartus_dir="/tools/altera/12.0/quartus/" --sopc_perl="/tools/altera/12.0/quartus//linux/perl" --sopc_lib_path="++/tools/altera/12.0/quartus//../ip/altera/sopc_builder_ip+/tools/altera/12.0/quartus//../ip/altera/nios2_ip"
.
# 2019.02.28 19:35:02 (*) Success: sopc_builder finished.
Info: LED_RED_O: "experiment1" instantiated altera_avalon_pio "LED_RED_O"
Info: Starting classic module elaboration.
"/tools/altera/12.0/quartus/linux/jre/bin/java" -Xmx512M -classpath "/tools/altera/12.0/quartus/sopc_builder/bin/sopc_builder.jar:/tools/altera/12.0/quartus/sopc_builder/bin/PinAssigner.jar:/tools/altera/12.0/quartus/sopc_builder/bin/sopc_wizard.jar:/tools/altera/12.0/quartus/sopc_builder/bin/jptf.jar" sopc_builder.sopc_builder  -d"/tools/altera/12.0/quartus/sopc_builder" -notalkback=1 -projectnameyysystem.qpf -projectpath/tmp/alt7956_4216929494426467563.dir/0007_sopclgen  --no_splash --refresh /tmp/alt7956_4216929494426467563.dir/0007_sopclgen/yysystem.v --quartus_dir="/tools/altera/12.0/quartus" --sopc_perl="/tools/altera/12.0/quartus/linux/perl" --sopc_lib_path="++/tools/altera/12.0/quartus/../ip/altera/sopc_builder_ip+/tools/altera/12.0/quartus/../ip/altera/nios2_ip"
Info: Finished elaborating classic module.
Executing: /tools/altera/12.0/quartus//sopc_builder/bin/sopc_builder --classic --generate /tmp/alt7956_4216929494426467563.dir/0007_sopclgen/yysystem.ptf
Info: Running sopc_builder...
"/tools/altera/12.0/quartus//linux/jre/bin/java" -Xmx512M -classpath "/tools/altera/12.0/quartus//sopc_builder/bin/sopc_builder.jar:/tools/altera/12.0/quartus//sopc_builder/bin/PinAssigner.jar:/tools/altera/12.0/quartus//sopc_builder/bin/sopc_wizard.jar:/tools/altera/12.0/quartus//sopc_builder/bin/jptf.jar" sopc_builder.sopc_builder  -d"/tools/altera/12.0/quartus//sopc_builder" -notalkback=1 -projectnameyysystem.qpf -projectpath/tmp/alt7956_4216929494426467563.dir/0007_sopclgen  --generate /tmp/alt7956_4216929494426467563.dir/0007_sopclgen/yysystem.v --quartus_dir="/tools/altera/12.0/quartus/" --sopc_perl="/tools/altera/12.0/quartus//linux/perl" --sopc_lib_path="++/tools/altera/12.0/quartus//../ip/altera/sopc_builder_ip+/tools/altera/12.0/quartus//../ip/altera/nios2_ip"
.
# 2019.02.28 19:35:07 (*) Success: sopc_builder finished.
Info: LED_GREEN_O: "experiment1" instantiated altera_avalon_pio "LED_GREEN_O"
Info: custom_counter_component_0: "experiment1" instantiated custom_counter_component "custom_counter_component_0"
Info: cpu_0_instruction_master_translator: "experiment1" instantiated altera_merlin_master_translator "cpu_0_instruction_master_translator"
Info: cpu_0_jtag_debug_module_translator: "experiment1" instantiated altera_merlin_slave_translator "cpu_0_jtag_debug_module_translator"
Info: cpu_0_instruction_master_translator_avalon_universal_master_0_agent: "experiment1" instantiated altera_merlin_master_agent "cpu_0_instruction_master_translator_avalon_universal_master_0_agent"
Info: cpu_0_jtag_debug_module_translator_avalon_universal_slave_0_agent: "experiment1" instantiated altera_merlin_slave_agent "cpu_0_jtag_debug_module_translator_avalon_universal_slave_0_agent"
Info: cpu_0_jtag_debug_module_translator_avalon_universal_slave_0_agent_rsp_fifo: "experiment1" instantiated altera_avalon_sc_fifo "cpu_0_jtag_debug_module_translator_avalon_universal_slave_0_agent_rsp_fifo"
Info: addr_router: "experiment1" instantiated altera_merlin_router "addr_router"
Info: addr_router_001: "experiment1" instantiated altera_merlin_router "addr_router_001"
Info: id_router: "experiment1" instantiated altera_merlin_router "id_router"
Info: id_router_002: "experiment1" instantiated altera_merlin_router "id_router_002"
Info: rst_controller: "experiment1" instantiated altera_reset_controller "rst_controller"
Info: cmd_xbar_demux: "experiment1" instantiated altera_merlin_demultiplexer "cmd_xbar_demux"
Info: cmd_xbar_demux_001: "experiment1" instantiated altera_merlin_demultiplexer "cmd_xbar_demux_001"
Info: cmd_xbar_mux: "experiment1" instantiated altera_merlin_multiplexer "cmd_xbar_mux"
Info: rsp_xbar_demux_002: "experiment1" instantiated altera_merlin_demultiplexer "rsp_xbar_demux_002"
Info: rsp_xbar_mux: "experiment1" instantiated altera_merlin_multiplexer "rsp_xbar_mux"
Info: Reusing file /home/ECE/fahimr/Desktop/experiment1/experiment1/simulation/submodules/altera_merlin_arbitrator.sv
Info: rsp_xbar_mux_001: "experiment1" instantiated altera_merlin_multiplexer "rsp_xbar_mux_001"
Info: Reusing file /home/ECE/fahimr/Desktop/experiment1/experiment1/simulation/submodules/altera_merlin_arbitrator.sv
Info: irq_mapper: "experiment1" instantiated altera_irq_mapper "irq_mapper"
Info: experiment1: Done experiment1" with 26 modules, 95 files, 2172978 bytes
Info: ip-generate succeeded.
Info: Finished: Create simulation model
Info: Starting: Create Modelsim Project.
Info: sim-script-gen --spd=/home/ECE/fahimr/Desktop/experiment1/experiment1.spd --output-directory=/home/ECE/fahimr/Desktop/experiment1/experiment1/simulation/
Info: Doing: ip-make-simscript --spd=/home/ECE/fahimr/Desktop/experiment1/experiment1.spd --output-directory=/home/ECE/fahimr/Desktop/experiment1/experiment1/simulation/
Info: Generating the following file(s) for MODELSIM simulator in /home/ECE/fahimr/Desktop/experiment1/experiment1/simulation/ directory:
Info: 	mentor/msim_setup.tcl
Info: Generating the following file(s) for VCS simulator in /home/ECE/fahimr/Desktop/experiment1/experiment1/simulation/ directory:
Info: 	synopsys/vcs/vcs_setup.sh
Info: Generating the following file(s) for VCSMX simulator in /home/ECE/fahimr/Desktop/experiment1/experiment1/simulation/ directory:
Info: 	synopsys/vcsmx/synopsys_sim.setup
Info: 	synopsys/vcsmx/vcsmx_setup.sh
Info: Generating the following file(s) for NCSIM simulator in /home/ECE/fahimr/Desktop/experiment1/experiment1/simulation/ directory:
Info: 	cadence/cds.lib
Info: 	cadence/hdl.var
Info: 	cadence/ncsim_setup.sh
Info: 	25 .cds.lib files in cadence/cds_libs/ directory
Info: Generating the following file(s) for RIVIERAPRO simulator in /home/ECE/fahimr/Desktop/experiment1/experiment1/simulation/ directory:
Info: 	aldec/rivierapro_setup.tcl
Info: Finished: Create Modelsim Project.
